TN:
SF:app\auth-sessions\auth-app.service.ts
FN:11,(anonymous_0)
FN:15,(anonymous_1)
FN:32,(anonymous_2)
FN:39,(anonymous_3)
FN:58,(anonymous_4)
FNF:5
FNH:0
FNDA:0,(anonymous_0)
FNDA:0,(anonymous_1)
FNDA:0,(anonymous_2)
FNDA:0,(anonymous_3)
FNDA:0,(anonymous_4)
DA:12,0
DA:16,0
DA:20,0
DA:22,0
DA:23,0
DA:25,0
DA:33,0
DA:34,0
DA:36,0
DA:40,0
DA:55,0
DA:59,0
DA:72,0
LF:13
LH:0
BRDA:20,0,0,0
BRDA:20,0,1,0
BRDA:23,1,0,0
BRDA:23,1,1,0
BRDA:33,2,0,0
BRDA:33,2,1,0
BRDA:55,3,0,0
BRDA:55,3,1,0
BRDA:72,4,0,0
BRDA:72,4,1,0
BRF:10
BRH:0
end_of_record
TN:
SF:app\auth-sessions\auth-session.service.ts
FN:6,getSession
FN:17,createUserSession
FN:33,requireUserSession
FN:65,logoutSession
FNF:4
FNH:0
FNDA:0,getSession
FNDA:0,createUserSession
FNDA:0,requireUserSession
FNDA:0,logoutSession
DA:7,0
DA:8,0
DA:10,0
DA:11,0
DA:13,0
DA:18,0
DA:19,0
DA:24,0
DA:26,0
DA:34,0
DA:35,0
DA:37,0
DA:38,0
DA:39,0
DA:42,0
DA:43,0
DA:45,0
DA:52,0
DA:53,0
DA:55,0
DA:66,0
DA:67,0
DA:69,0
LF:23
LH:0
BRDA:8,0,0,0
BRDA:8,0,1,0
BRDA:11,1,0,0
BRDA:11,1,1,0
BRDA:35,2,0,0
BRDA:35,2,1,0
BRDA:42,3,0,0
BRDA:42,3,1,0
BRDA:42,4,0,0
BRDA:42,4,1,0
BRDA:67,5,0,0
BRDA:67,5,1,0
BRF:12
BRH:0
end_of_record
TN:
SF:app\auth-sessions\user-session-server.ts
FN:20,setSessionDataInRedis
FN:28,getSessionDataInRedis
FN:33,deleteSessionInRedis
FN:38,getSessionIdFromRequest
FN:44,commitSessionCookie
FN:48,destroySessionCookie
FN:55,getSessionDataById
FNF:7
FNH:0
FNDA:0,setSessionDataInRedis
FNDA:0,getSessionDataInRedis
FNDA:0,deleteSessionInRedis
FNDA:0,getSessionIdFromRequest
FNDA:0,commitSessionCookie
FNDA:0,destroySessionCookie
FNDA:0,getSessionDataById
DA:5,0
DA:6,0
DA:7,0
DA:8,0
DA:11,0
DA:21,0
DA:29,0
DA:30,0
DA:34,0
DA:39,0
DA:40,0
DA:45,0
DA:49,0
DA:56,0
DA:58,0
DA:59,0
DA:61,0
DA:62,0
DA:63,0
DA:65,0
DA:66,0
LF:21
LH:0
BRDA:6,0,0,0
BRDA:6,0,1,0
BRDA:30,1,0,0
BRDA:30,1,1,0
BRDA:56,2,0,0
BRDA:56,2,1,0
BRDA:59,3,0,0
BRDA:59,3,1,0
BRF:8
BRH:0
end_of_record
TN:
SF:app\client\component-registery.ts
FNF:0
FNH:0
DA:4,0
LF:1
LH:0
BRF:0
BRH:0
end_of_record
TN:
SF:app\client\framework-renderer.tsx
FN:4,FrameworkRenderer
FNF:1
FNH:0
FNDA:0,FrameworkRenderer
DA:6,0
DA:7,0
DA:9,0
LF:3
LH:0
BRDA:7,0,0,0
BRDA:7,0,1,0
BRDA:9,1,0,0
BRDA:9,1,1,0
BRF:4
BRH:0
end_of_record
TN:
SF:app\client\components\core-components\action-helper.ts
FN:3,(anonymous_0)
FN:11,(anonymous_1)
FNF:2
FNH:2
FNDA:7,(anonymous_0)
FNDA:7,(anonymous_1)
DA:3,1
DA:4,7
DA:5,7
DA:7,1
DA:8,1
DA:11,1
DA:12,7
DA:14,1
DA:16,3
DA:19,3
LF:10
LH:10
BRDA:4,0,0,7
BRDA:4,0,1,7
BRDA:5,1,0,6
BRDA:5,1,1,1
BRDA:12,2,0,1
BRDA:12,2,1,3
BRDA:12,2,2,2
BRDA:12,2,3,3
BRF:8
BRH:8
end_of_record
TN:
SF:app\client\components\core-components\clarity-data-table.tsx
FN:7,(anonymous_0)
FN:19,(anonymous_1)
FNF:2
FNH:1
FNDA:7,(anonymous_0)
FNDA:0,(anonymous_1)
DA:2,1
DA:3,1
DA:4,1
DA:7,1
DA:8,7
DA:10,7
DA:19,0
LF:7
LH:6
BRDA:19,0,0,0
BRDA:19,0,1,7
BRF:2
BRH:1
end_of_record
TN:
SF:app\client\components\helper-components\AppHeader.tsx
FN:15,AppHeader
FN:20,(anonymous_1)
FN:21,(anonymous_2)
FN:27,(anonymous_3)
FN:43,(anonymous_4)
FN:57,(anonymous_5)
FN:57,(anonymous_6)
FNF:7
FNH:0
FNDA:0,AppHeader
FNDA:0,(anonymous_1)
FNDA:0,(anonymous_2)
FNDA:0,(anonymous_3)
FNDA:0,(anonymous_4)
FNDA:0,(anonymous_5)
FNDA:0,(anonymous_6)
DA:16,0
DA:17,0
DA:20,0
DA:21,0
DA:22,0
DA:23,0
DA:26,0
DA:27,0
DA:30,0
DA:44,0
DA:57,0
LF:11
LH:0
BRDA:22,0,0,0
BRDA:22,0,1,0
BRDA:22,1,0,0
BRDA:22,1,1,0
BRDA:63,2,0,0
BRDA:63,2,1,0
BRF:6
BRH:0
end_of_record
TN:
SF:app\client\components\helper-components\AppSidebar.tsx
FN:16,AppSidebar
FN:27,(anonymous_1)
FNF:2
FNH:0
FNDA:0,AppSidebar
FNDA:0,(anonymous_1)
DA:17,0
DA:19,0
DA:28,0
DA:30,0
LF:4
LH:0
BRDA:23,0,0,0
BRDA:23,0,1,0
BRDA:28,1,0,0
BRDA:28,1,1,0
BRDA:34,2,0,0
BRDA:34,2,1,0
BRDA:36,3,0,0
BRDA:36,3,1,0
BRDA:46,4,0,0
BRDA:46,4,1,0
BRDA:46,4,2,0
BRF:11
BRH:0
end_of_record
TN:
SF:app\client\components\helper-components\ClarityTableColumnActions.tsx
FN:9,(anonymous_0)
FN:13,(anonymous_1)
FNF:2
FNH:0
FNDA:0,(anonymous_0)
FNDA:0,(anonymous_1)
DA:2,1
DA:3,1
DA:9,1
DA:10,0
DA:11,0
DA:14,0
LF:6
LH:3
BRDA:10,0,0,0
BRDA:10,0,1,0
BRF:2
BRH:0
end_of_record
TN:
SF:app\client\components\helper-components\ClarityTableHeader.tsx
FN:5,(anonymous_0)
FN:15,(anonymous_1)
FNF:2
FNH:2
FNDA:7,(anonymous_0)
FNDA:7,(anonymous_1)
DA:1,1
DA:2,1
DA:5,1
DA:6,7
DA:7,7
DA:8,7
DA:10,6
DA:16,7
LF:8
LH:8
BRDA:6,0,0,0
BRDA:6,0,1,7
BRDA:7,1,0,0
BRDA:8,2,0,1
BRDA:8,2,1,6
BRDA:8,3,0,7
BRDA:8,3,1,1
BRF:7
BRH:5
end_of_record
TN:
SF:app\client\components\helper-components\LoginCard.tsx
FN:16,LoginForm
FN:70,LoginFields
FNF:2
FNH:0
FNDA:0,LoginForm
FNDA:0,LoginFields
DA:17,0
DA:71,0
LF:2
LH:0
BRDA:25,0,0,0
BRDA:25,0,1,0
BRDA:70,1,0,0
BRF:3
BRH:0
end_of_record
TN:
SF:app\database\pg-server.ts
FN:6,CreatePgConnection
FN:24,getShellEngine
FNF:2
FNH:2
FNDA:1,CreatePgConnection
FNDA:1,getShellEngine
DA:1,1
DA:3,1
DA:7,1
DA:24,1
DA:25,1
DA:26,1
DA:28,1
LF:7
LH:7
BRDA:25,0,0,1
BRDA:25,0,1,0
BRF:2
BRH:1
end_of_record
TN:
SF:app\database\redis-server.ts
FN:12,(anonymous_0)
FNF:1
FNH:0
FNDA:0,(anonymous_0)
DA:4,0
DA:12,0
DA:14,0
DA:15,0
DA:16,0
DA:18,0
LF:6
LH:0
BRDA:14,0,0,0
BRDA:14,0,1,0
BRF:2
BRH:0
end_of_record
TN:
SF:app\run-engine\reflection-executor.server.ts
FN:7,getUserExecutionPermission
FN:12,assertPermission
FN:25,executeReflection
FN:29,executeWithPermission
FNF:4
FNH:0
FNDA:0,getUserExecutionPermission
FNDA:0,assertPermission
FNDA:0,executeReflection
FNDA:0,executeWithPermission
DA:8,0
DA:9,0
DA:13,0
DA:15,0
DA:17,0
DA:18,0
DA:22,0
DA:26,0
DA:31,0
DA:32,0
DA:34,0
LF:11
LH:0
BRDA:13,0,0,0
BRDA:13,0,1,0
BRDA:17,1,0,0
BRDA:17,1,1,0
BRDA:17,2,0,0
BRDA:17,2,1,0
BRF:6
BRH:0
end_of_record
TN:
SF:app\run-engine\reflection-registry.service.ts
FN:12,(anonymous_0)
FN:27,(anonymous_1)
FN:36,(anonymous_2)
FN:42,(anonymous_3)
FN:52,(anonymous_4)
FN:74,(anonymous_5)
FN:97,(anonymous_6)
FNF:7
FNH:0
FNDA:0,(anonymous_0)
FNDA:0,(anonymous_1)
FNDA:0,(anonymous_2)
FNDA:0,(anonymous_3)
FNDA:0,(anonymous_4)
FNDA:0,(anonymous_5)
FNDA:0,(anonymous_6)
DA:9,0
DA:10,0
DA:13,0
DA:15,0
DA:16,0
DA:18,0
DA:20,0
DA:21,0
DA:24,0
DA:28,0
DA:30,0
DA:31,0
DA:33,0
DA:37,0
DA:43,0
DA:45,0
DA:46,0
DA:47,0
DA:49,0
DA:54,0
DA:55,0
DA:57,0
DA:58,0
DA:59,0
DA:61,0
DA:62,0
DA:63,0
DA:66,0
DA:67,0
DA:69,0
DA:70,0
DA:75,0
DA:87,0
DA:89,0
DA:94,0
DA:96,0
DA:97,0
DA:98,0
DA:99,0
LF:39
LH:0
BRDA:15,0,0,0
BRDA:15,0,1,0
BRDA:15,1,0,0
BRDA:15,1,1,0
BRDA:28,2,0,0
BRDA:28,2,1,0
BRDA:31,3,0,0
BRDA:31,3,1,0
BRDA:38,4,0,0
BRDA:38,4,1,0
BRDA:45,5,0,0
BRDA:45,5,1,0
BRDA:54,6,0,0
BRDA:54,6,1,0
BRDA:54,7,0,0
BRDA:54,7,1,0
BRDA:58,8,0,0
BRDA:58,8,1,0
BRDA:61,9,0,0
BRDA:61,9,1,0
BRDA:67,10,0,0
BRDA:67,10,1,0
BRDA:89,11,0,0
BRDA:89,11,1,0
BRDA:96,12,0,0
BRDA:96,12,1,0
BRF:26
BRH:0
end_of_record
TN:
SF:app\server\frame-work\default-table-config.ts
FNF:0
FNH:0
DA:19,1
LF:1
LH:1
BRF:0
BRH:0
end_of_record
TN:
SF:app\server\frame-work\frame-work-app-service.ts
FN:9,(anonymous_0)
FN:25,(anonymous_1)
FNF:2
FNH:0
FNDA:0,(anonymous_0)
FNDA:0,(anonymous_1)
DA:3,1
DA:4,1
DA:5,1
DA:7,1
DA:10,0
DA:11,0
DA:12,0
DA:26,0
LF:8
LH:4
BRDA:10,0,0,0
BRDA:10,1,0,0
BRDA:11,2,0,0
BRDA:11,2,1,0
BRDA:25,3,0,0
BRF:5
BRH:0
end_of_record
TN:
SF:app\server\frame-work\shell-engine-service.ts
FN:7,(anonymous_0)
FN:11,(anonymous_1)
FNF:2
FNH:1
FNDA:1,(anonymous_0)
FNDA:0,(anonymous_1)
DA:2,1
DA:4,1
DA:8,1
DA:12,0
DA:15,0
DA:16,0
DA:20,0
LF:7
LH:3
BRDA:15,0,0,0
BRDA:15,0,1,0
BRDA:15,1,0,0
BRDA:15,1,1,0
BRDA:15,1,2,0
BRF:5
BRH:0
end_of_record
TN:
SF:app\server\x1-apps\imports\import-file-job-service.ts
FN:8,(anonymous_0)
FN:31,(anonymous_1)
FNF:2
FNH:0
FNDA:0,(anonymous_0)
FNDA:0,(anonymous_1)
DA:9,0
DA:21,0
DA:32,0
DA:49,0
LF:4
LH:0
BRF:0
BRH:0
end_of_record
TN:
SF:app\server\x1-apps\imports\import-file-settings.ts
FNF:0
FNH:0
DA:4,0
DA:8,0
DA:12,0
DA:24,0
DA:37,0
DA:49,0
LF:6
LH:0
BRF:0
BRH:0
end_of_record
TN:
SF:app\server\x1-apps\rooftops\rooftop-app.service.ts
FN:7,(anonymous_0)
FNF:1
FNH:1
FNDA:1,(anonymous_0)
DA:1,1
DA:2,1
DA:3,1
DA:4,1
DA:6,1
DA:8,1
DA:12,1
LF:7
LH:7
BRF:0
BRH:0
end_of_record
TN:
SF:app\server\x1-apps\rooftops\rooftop-settings.tsx
FNF:0
FNH:0
DA:3,1
DA:6,1
DA:20,1
DA:35,1
DA:84,1
LF:5
LH:5
BRF:0
BRH:0
end_of_record
TN:
SF:app\server\x1-apps\veh-make-model-trim\veh-mmt-service.ts
FN:8,(anonymous_0)
FN:21,(anonymous_1)
FN:36,(anonymous_2)
FNF:3
FNH:0
FNDA:0,(anonymous_0)
FNDA:0,(anonymous_1)
FNDA:0,(anonymous_2)
DA:9,0
DA:11,0
DA:22,0
DA:26,0
DA:37,0
DA:49,0
LF:6
LH:0
BRF:0
BRH:0
end_of_record
TN:
SF:app\server\x1-apps\veh-make-model-trim\veh-mmt-settings.ts
FNF:0
FNH:0
DA:3,0
DA:7,0
DA:15,0
DA:23,0
DA:27,0
DA:35,0
DA:44,0
DA:47,0
DA:55,0
LF:9
LH:0
BRF:0
BRH:0
end_of_record
TN:
SF:app\server\x1-apps\veh-year-body-color\veh-ybr-service.ts
FN:7,(anonymous_0)
FN:19,(anonymous_1)
FN:32,(anonymous_2)
FNF:3
FNH:0
FNDA:0,(anonymous_0)
FNDA:0,(anonymous_1)
FNDA:0,(anonymous_2)
DA:8,0
DA:9,0
DA:20,0
DA:22,0
DA:33,0
DA:35,0
LF:6
LH:0
BRF:0
BRH:0
end_of_record
TN:
SF:app\server\x1-apps\veh-year-body-color\veh-ybr-settings.ts
FNF:0
FNH:0
DA:2,0
DA:5,0
DA:13,0
DA:21,0
DA:24,0
DA:32,0
DA:40,0
DA:43,0
DA:51,0
LF:9
LH:0
BRF:0
BRH:0
end_of_record
TN:
SF:app\server\x1-apps\vehicles\vehicles-settings.ts
FNF:0
FNH:0
DA:3,0
DA:7,0
DA:19,0
LF:3
LH:0
BRF:0
BRH:0
end_of_record
TN:
SF:app\server\x1-apps\vehicles\vehicles.service.ts
FN:7,(anonymous_0)
FNF:1
FNH:0
FNDA:0,(anonymous_0)
DA:8,0
DA:35,0
LF:2
LH:0
BRF:0
BRH:0
end_of_record
